<?xml version="1.0" encoding="UTF-8"?>
<!-- Generated by org.testng.reporters.JUnitReportReporter -->
<testsuite skipped="0" hostname="Suchita-PC" name="com.guru.qa.test.MobilePageTest" tests="5" failures="0" timestamp="25 Jun 2018 13:46:07 GMT" time="55.993" errors="0">
  <testcase name="verifyMobilePageTitle" time="9.625" classname="com.guru.qa.test.MobilePageTest"/>
  <testcase name="verifyprodSortTest" time="10.781" classname="com.guru.qa.test.MobilePageTest"/>
  <testcase name="verifyprodSortTest" time="10.828" classname="com.guru.qa.test.MobilePageTest"/>
  <testcase name="verifyprodSortTest" time="10.320" classname="com.guru.qa.test.MobilePageTest"/>
  <testcase name="compare_Cost_From_List_and_Details_Page_Test" time="14.439" classname="com.guru.qa.test.MobilePageTest"/>
</testsuite> <!-- com.guru.qa.test.MobilePageTest -->
