<?xml version="1.0" encoding="UTF-8"?>
<!-- Generated by org.testng.reporters.JUnitReportReporter -->
<testsuite skipped="0" hostname="Suchita-PC" name="com.guru.qa.test.CartPageTest" tests="1" failures="0" timestamp="25 Jun 2018 13:46:07 GMT" time="14.701" errors="0">
  <testcase name="cartTest" time="14.701" classname="com.guru.qa.test.CartPageTest"/>
</testsuite> <!-- com.guru.qa.test.CartPageTest -->
