<?xml version="1.0" encoding="UTF-8"?>
<!-- Generated by org.testng.reporters.JUnitReportReporter -->
<testsuite skipped="0" hostname="Suchita-PC" name="com.guru.qa.test.MyAccountPageTest" tests="2" failures="0" timestamp="25 Jun 2018 13:46:07 GMT" time="35.734" errors="0">
  <testcase name="createAccount_shareWishlistTest" time="16.457" classname="com.guru.qa.test.MyAccountPageTest"/>
  <testcase name="createAccount_shareWishlistTest" time="19.277" classname="com.guru.qa.test.MyAccountPageTest"/>
</testsuite> <!-- com.guru.qa.test.MyAccountPageTest -->
