<?xml version="1.0" encoding="UTF-8"?>
<!-- Generated by org.testng.reporters.JUnitReportReporter -->
<testsuite skipped="0" hostname="Suchita-PC" name="com.guru.qa.test.LaunchPageTest" tests="2" failures="0" timestamp="25 Jun 2018 13:46:07 GMT" time="18.565" errors="0">
  <testcase name="launchPageTitleTest" time="8.065" classname="com.guru.qa.test.LaunchPageTest"/>
  <testcase name="clickOnMobileTabTest" time="10.500" classname="com.guru.qa.test.LaunchPageTest"/>
</testsuite> <!-- com.guru.qa.test.LaunchPageTest -->
